<?xml version="1.0" encoding="UTF-8"?>
<!-- Generated by org.testng.reporters.JUnitReportReporter -->
<testsuite hostname="MeghanaPC" failures="0" tests="1" name="NaukriAutomate.sampleTest" time="0.003" errors="0" timestamp="2025-03-28T17:17:53 IST" skipped="0">
  <testcase classname="NaukriAutomate.sampleTest" name="Testingtestng1" time="0.003"/>
</testsuite> <!-- NaukriAutomate.sampleTest -->
