<?xml version="1.0" encoding="UTF-8"?>
<!-- Generated by org.testng.reporters.JUnitReportReporter -->
<testsuite hostname="MeghanaPC" failures="0" tests="1" name="NaukriAutomate.Naukri_LoginTest" time="46.887" errors="0" timestamp="2025-04-02T11:31:15 IST" skipped="0">
  <testcase classname="NaukriAutomate.Naukri_LoginTest" name="Login" time="46.887"/>
</testsuite> <!-- NaukriAutomate.Naukri_LoginTest -->
