<?xml version="1.0" encoding="UTF-8"?>
<!-- Generated by org.testng.reporters.JUnitReportReporter -->
<testsuite hostname="MeghanaPC" failures="0" tests="1" name="NaukriAutomate.Naukri_LoginTest" time="45.077" errors="0" timestamp="2025-04-04T11:30:04 IST" skipped="0">
  <testcase classname="NaukriAutomate.Naukri_LoginTest" name="Login" time="45.077"/>
</testsuite> <!-- NaukriAutomate.Naukri_LoginTest -->
