<?xml version="1.0" encoding="UTF-8"?>
<!-- Generated by org.testng.reporters.JUnitReportReporter -->
<testsuite hostname="MeghanaPC" failures="0" tests="1" name="NaukriAutomate.testjenkins" time="0.000" errors="0" timestamp="2025-04-04T17:35:46 IST" skipped="0">
  <testcase classname="NaukriAutomate.testjenkins" name="testjenkins1" time="0.000"/>
</testsuite> <!-- NaukriAutomate.testjenkins -->
