<?xml version="1.0" encoding="UTF-8"?>
<!-- Generated by org.testng.reporters.JUnitReportReporter -->
<testsuite hostname="MeghanaPC" failures="0" tests="2" name="McafeeProject.Mercury.VoiceCallTest" time="0.005" errors="0" timestamp="2023-12-15T21:50:59 IST" skipped="0">
  <testcase classname="McafeeProject.Mercury.VoiceCallTest" name="VC2" time="0.001"/>
  <testcase classname="McafeeProject.Mercury.VoiceCallTest" name="VC1" time="0.004"/>
</testsuite> <!-- McafeeProject.Mercury.VoiceCallTest -->
