<?xml version="1.0" encoding="UTF-8"?>
<!-- Generated by org.testng.reporters.JUnitReportReporter -->
<testsuite hostname="MeghanaPC" failures="0" tests="2" name="McafeeProject.Mercury.CaseCreationTest" time="0.002" errors="0" timestamp="2023-12-15T21:50:59 IST" skipped="0">
  <testcase classname="McafeeProject.Mercury.CaseCreationTest" name="CT1" time="0.001"/>
  <testcase classname="McafeeProject.Mercury.CaseCreationTest" name="CT2" time="0.001"/>
</testsuite> <!-- McafeeProject.Mercury.CaseCreationTest -->
